SF:lib\watchlist\bloc\watchlist_event.dart
DA:4,1
DA:6,0
DA:7,0
DA:13,0
DA:15,0
DA:16,0
DA:22,0
DA:24,0
DA:25,0
DA:31,0
DA:33,0
DA:34,0
DA:40,0
DA:42,0
DA:43,0
DA:49,1
DA:51,0
DA:52,0
DA:58,0
DA:60,0
DA:61,0
LF:21
LH:2
end_of_record
SF:lib\watchlist\bloc\watchlist_bloc.dart
DA:18,1
DA:25,1
DA:26,2
DA:27,1
DA:29,2
DA:31,2
DA:34,1
DA:35,0
DA:37,0
DA:39,0
DA:42,1
DA:43,0
DA:45,0
DA:47,0
DA:48,0
DA:49,0
DA:52,0
DA:55,1
DA:56,0
DA:58,0
DA:59,0
DA:60,0
DA:61,0
DA:62,0
DA:64,0
DA:67,1
DA:68,0
DA:70,0
DA:72,0
DA:73,0
DA:74,0
DA:77,0
DA:80,1
DA:81,0
DA:83,0
DA:84,0
DA:85,0
DA:86,0
DA:87,0
DA:89,0
LF:40
LH:11
end_of_record
SF:lib\watchlist\bloc\watchlist_state.dart
DA:4,3
DA:6,0
DA:7,0
DA:13,2
DA:15,0
DA:16,0
DA:23,0
DA:25,0
DA:26,0
DA:32,1
DA:34,0
DA:35,0
DA:41,2
DA:43,1
DA:44,2
LF:15
LH:6
end_of_record
SF:lib\utils\utils.dart
DA:3,0
LF:1
LH:0
end_of_record
SF:lib\styles\text_styles.dart
DA:5,0
DA:6,0
DA:7,0
DA:9,0
DA:11,0
DA:15,0
DA:16,0
DA:17,0
DA:18,0
DA:19,0
LF:10
LH:0
end_of_record
SF:lib\utils\exception.dart
DA:6,0
LF:1
LH:0
end_of_record
SF:lib\utils\failure.dart
DA:6,2
DA:8,0
DA:9,0
DA:13,2
DA:17,0
DA:21,2
DA:25,0
LF:7
LH:3
end_of_record
SF:lib\utils\my_drawer.dart
DA:5,2
DA:7,0
DA:9,0
DA:11,0
DA:12,0
DA:13,0
DA:21,0
DA:24,0
DA:25,0
DA:28,0
DA:31,0
DA:32,0
DA:35,0
DA:38,0
DA:39,0
DA:42,0
DA:43,0
DA:44,0
LF:18
LH:1
end_of_record
SF:lib\data\db\database_helper.dart
DA:11,0
DA:15,0
DA:19,0
DA:20,0
DA:27,0
DA:28,0
DA:29,0
DA:31,0
DA:33,0
DA:36,0
DA:37,0
DA:42,0
DA:43,0
DA:50,0
DA:51,0
DA:58,0
DA:61,0
DA:62,0
DA:63,0
DA:67,0
DA:68,0
DA:69,0
DA:73,0
DA:74,0
DA:75,0
DA:78,0
DA:82,0
DA:83,0
DA:84,0
DA:87,0
DA:91,0
DA:92,0
DA:93,0
DA:96,0
DA:98,0
DA:99,0
DA:105,0
DA:106,0
DA:107,0
DA:110,0
DA:113,0
DA:114,0
DA:120,0
DA:121,0
DA:122,0
DA:127,0
DA:128,0
DA:129,0
LF:48
LH:0
end_of_record
SF:lib\utils\encrypt.dart
DA:3,0
DA:4,0
DA:5,0
DA:7,0
DA:8,0
DA:10,0
LF:6
LH:0
end_of_record
SF:lib\data\shared.dart
DA:9,1
DA:12,1
DA:14,1
DA:16,1
DA:18,0
DA:19,0
DA:20,0
DA:22,2
DA:23,1
DA:24,1
DA:25,0
DA:26,0
DA:27,0
DA:28,0
DA:30,0
DA:34,0
DA:37,1
DA:38,1
DA:39,0
DA:44,1
DA:46,2
LF:21
LH:11
end_of_record
