SF:lib\data\datasource\movie_local_data_source.dart
DA:14,1
DA:16,1
DA:19,2
DA:22,2
DA:26,1
DA:29,2
DA:32,2
DA:36,1
DA:38,2
DA:40,1
DA:46,1
DA:48,2
DA:49,4
LF:13
LH:13
end_of_record
SF:lib\data\models\movie_table.dart
DA:11,19
DA:18,2
DA:19,1
DA:20,1
DA:21,1
DA:22,1
DA:25,2
DA:26,1
DA:27,1
DA:28,1
DA:29,1
DA:32,0
DA:33,0
DA:34,0
DA:35,0
DA:36,0
DA:39,2
DA:40,1
DA:41,1
DA:42,1
DA:43,1
DA:46,2
DA:47,10
LF:23
LH:18
end_of_record
SF:lib\domain\entities\genre.dart
DA:4,20
DA:12,3
DA:13,9
LF:3
LH:3
end_of_record
SF:lib\domain\entities\movie.dart
DA:4,13
DA:20,1
DA:41,7
DA:42,7
DA:43,7
DA:44,7
DA:45,7
DA:46,7
DA:47,7
DA:48,7
DA:49,7
DA:50,7
DA:51,7
DA:52,7
DA:53,7
DA:54,7
DA:55,7
LF:17
LH:17
end_of_record
SF:lib\domain\entities\movie_detail.dart
DA:5,18
DA:33,2
DA:34,2
DA:35,2
DA:36,2
DA:37,2
DA:38,2
DA:39,2
DA:40,2
DA:41,2
DA:42,2
DA:43,2
DA:44,2
DA:45,2
LF:14
LH:14
end_of_record
SF:lib\data\datasource\movie_remote_data_source.dart
DA:24,1
DA:26,1
DA:29,4
DA:31,2
DA:32,4
DA:34,1
DA:38,1
DA:41,4
DA:43,2
DA:44,3
DA:46,1
DA:50,1
DA:52,1
DA:53,3
DA:55,2
DA:56,4
DA:58,1
DA:62,1
DA:65,4
DA:67,2
DA:68,4
DA:70,1
DA:74,1
DA:77,4
DA:79,2
DA:80,4
DA:82,1
DA:86,1
DA:88,1
DA:89,3
DA:91,2
DA:92,4
DA:94,1
LF:33
LH:33
end_of_record
SF:lib\data\models\movie_detail_model.dart
DA:7,2
DA:53,1
DA:54,1
DA:55,1
DA:56,1
DA:57,1
DA:58,1
DA:59,4
DA:60,1
DA:61,1
DA:62,1
DA:63,1
DA:64,1
DA:65,1
DA:66,2
DA:67,1
DA:68,1
DA:69,1
DA:70,1
DA:71,1
DA:72,1
DA:73,1
DA:74,1
DA:75,2
DA:76,1
DA:79,0
DA:80,0
DA:81,0
DA:82,0
DA:83,0
DA:84,0
DA:85,0
DA:86,0
DA:87,0
DA:88,0
DA:89,0
DA:90,0
DA:91,0
DA:92,0
DA:93,0
DA:94,0
DA:95,0
DA:96,0
DA:97,0
DA:98,0
DA:99,0
DA:100,0
DA:103,1
DA:104,1
DA:105,1
DA:106,1
DA:107,5
DA:108,1
DA:109,1
DA:110,1
DA:111,1
DA:112,1
DA:113,1
DA:114,1
DA:115,1
DA:116,1
DA:120,1
DA:121,1
DA:122,1
DA:123,1
DA:124,1
DA:125,1
DA:126,1
DA:127,1
DA:128,1
DA:129,1
DA:130,1
DA:131,1
DA:132,1
DA:133,1
DA:134,1
DA:135,1
DA:136,1
DA:137,1
DA:138,1
DA:139,1
DA:140,1
DA:141,1
DA:142,1
LF:84
LH:62
end_of_record
SF:lib\data\models\movie_model.dart
DA:5,5
DA:35,4
DA:36,2
DA:37,2
DA:38,8
DA:39,2
DA:40,2
DA:41,2
DA:42,4
DA:43,2
DA:44,2
DA:45,2
DA:46,2
DA:47,4
DA:48,2
DA:51,2
DA:52,1
DA:53,1
DA:54,4
DA:55,1
DA:56,1
DA:57,1
DA:58,1
DA:59,1
DA:60,1
DA:61,1
DA:62,1
DA:63,1
DA:64,1
DA:67,2
DA:68,2
DA:69,2
DA:70,2
DA:71,2
DA:72,2
DA:73,2
DA:74,2
DA:75,2
DA:76,2
DA:77,2
DA:78,2
DA:79,2
DA:80,2
DA:81,2
DA:85,2
DA:86,2
DA:87,2
DA:88,2
DA:89,2
DA:90,2
DA:91,2
DA:92,2
DA:93,2
DA:94,2
DA:95,2
DA:96,2
DA:97,2
DA:98,2
DA:99,2
LF:59
LH:59
end_of_record
SF:lib\data\models\movie_response.dart
DA:7,3
DA:9,4
DA:10,4
DA:11,6
DA:12,6
DA:15,2
DA:16,5
DA:19,1
DA:20,2
LF:9
LH:9
end_of_record
SF:lib\data\models\genre_model.dart
DA:5,3
DA:13,2
DA:14,1
DA:15,1
DA:18,0
DA:19,0
DA:20,0
DA:23,2
DA:24,6
DA:27,1
DA:28,3
LF:11
LH:8
end_of_record
SF:lib\data\repositories\movie_repository_impl.dart
DA:16,1
DA:21,1
DA:24,2
DA:25,5
DA:26,1
DA:28,1
DA:30,0
DA:31,0
DA:33,0
DA:37,1
DA:40,2
DA:41,2
DA:42,1
DA:44,1
DA:46,0
DA:47,0
DA:49,0
DA:53,1
DA:56,2
DA:57,3
DA:58,1
DA:60,1
DA:62,0
DA:63,0
DA:65,0
DA:69,1
DA:72,2
DA:73,5
DA:74,1
DA:76,1
DA:78,0
DA:79,0
DA:81,0
DA:85,1
DA:88,2
DA:89,5
DA:90,1
DA:92,1
DA:94,0
DA:95,0
DA:97,0
DA:101,1
DA:104,2
DA:105,5
DA:106,1
DA:108,1
DA:110,0
DA:111,0
DA:113,0
DA:117,1
DA:121,3
DA:122,1
DA:123,1
DA:124,3
DA:130,1
DA:134,3
DA:135,1
DA:136,1
DA:137,3
DA:141,1
DA:143,2
DA:147,1
DA:149,2
DA:150,5
LF:64
LH:46
end_of_record
SF:lib\domain\usecases\get_movie_detail.dart
DA:9,1
DA:11,1
DA:12,2
LF:3
LH:3
end_of_record
SF:lib\domain\usecases\get_movie_recommendations.dart
DA:9,1
DA:11,1
DA:12,2
LF:3
LH:3
end_of_record
SF:lib\domain\usecases\get_now_playing_movies.dart
DA:9,1
DA:11,1
DA:12,2
LF:3
LH:3
end_of_record
SF:lib\domain\usecases\get_popular_movies.dart
DA:9,1
DA:11,1
DA:12,2
LF:3
LH:3
end_of_record
SF:lib\domain\usecases\get_top_rated_movies.dart
DA:9,1
DA:11,1
DA:12,2
LF:3
LH:3
end_of_record
SF:lib\domain\usecases\get_watchlist_movies.dart
DA:9,1
DA:11,1
DA:12,2
LF:3
LH:3
end_of_record
SF:lib\domain\usecases\get_watchlist_status.dart
DA:6,1
DA:8,1
DA:9,2
LF:3
LH:3
end_of_record
SF:lib\domain\usecases\remove_watchlist.dart
DA:9,1
DA:11,1
DA:12,2
LF:3
LH:3
end_of_record
SF:lib\domain\usecases\save_watchlist.dart
DA:9,1
DA:11,1
DA:12,2
LF:3
LH:3
end_of_record
SF:lib\presentation\bloc\detail_movie_bloc.dart
DA:9,3
DA:10,1
DA:11,1
DA:12,1
DA:13,2
DA:14,2
DA:16,1
DA:17,4
DA:18,3
DA:27,4
DA:29,1
DA:30,1
DA:39,3
DA:41,1
DA:42,2
DA:48,3
DA:50,1
DA:51,2
DA:56,2
DA:58,0
DA:59,0
DA:64,2
DA:66,0
DA:67,0
LF:24
LH:20
end_of_record
SF:lib\presentation\bloc\playing_now_movie_bloc.dart
DA:12,1
DA:13,3
DA:16,1
DA:17,2
DA:18,2
DA:19,2
DA:20,2
DA:22,1
DA:23,4
DA:24,3
DA:26,1
DA:32,3
DA:34,1
DA:35,1
DA:44,2
DA:46,1
DA:47,2
DA:53,2
DA:55,1
DA:56,2
DA:61,1
DA:63,0
DA:64,0
LF:23
LH:21
end_of_record
SF:lib\presentation\bloc\popular_movie_bloc.dart
DA:10,1
DA:11,2
DA:12,1
DA:13,1
DA:14,2
DA:15,2
DA:17,1
DA:18,4
DA:19,3
DA:28,5
DA:30,1
DA:31,1
DA:40,3
DA:42,1
DA:43,2
DA:49,3
DA:51,1
DA:52,2
DA:57,2
DA:59,0
DA:60,0
LF:21
LH:19
end_of_record
SF:lib\presentation\bloc\recommendation_movie_bloc.dart
DA:11,1
DA:12,3
DA:15,1
DA:16,2
DA:17,1
DA:18,1
DA:19,1
DA:20,2
DA:21,2
DA:23,1
DA:24,4
DA:25,3
DA:28,1
DA:35,4
DA:37,1
DA:38,1
DA:47,3
DA:49,1
DA:50,2
DA:56,2
DA:58,1
DA:59,2
DA:64,2
DA:66,0
DA:67,0
DA:72,2
DA:74,0
DA:75,0
LF:28
LH:24
end_of_record
SF:lib\presentation\bloc\top_rated_movie_bloc.dart
DA:10,1
DA:11,2
DA:12,1
DA:13,1
DA:14,2
DA:15,2
DA:17,1
DA:18,4
DA:19,3
DA:28,5
DA:30,1
DA:31,1
DA:40,3
DA:42,1
DA:43,2
DA:49,3
DA:51,1
DA:52,2
DA:57,2
DA:59,0
DA:60,0
LF:21
LH:19
end_of_record
SF:lib\presentation\bloc\watchlist_movie_bloc.dart
DA:10,1
DA:11,2
DA:12,2
DA:13,2
DA:14,2
DA:15,1
DA:16,4
DA:17,3
DA:25,0
DA:26,0
DA:33,4
DA:35,1
DA:36,1
DA:45,3
DA:47,1
DA:48,2
DA:53,2
DA:55,1
DA:56,2
LF:19
LH:17
end_of_record
SF:lib\presentation\pages\home_movie_page.dart
DA:12,0
DA:14,0
DA:15,0
DA:16,0
DA:20,0
DA:22,0
DA:23,0
DA:24,0
DA:25,0
DA:26,0
DA:27,0
DA:28,0
DA:29,0
DA:33,0
DA:35,0
DA:37,0
DA:39,0
DA:40,0
DA:41,0
DA:42,0
DA:48,0
DA:50,0
DA:51,0
DA:53,0
DA:54,0
DA:56,0
DA:58,0
DA:59,0
DA:60,0
DA:64,0
DA:65,0
DA:70,0
DA:72,0
DA:74,0
DA:75,0
DA:76,0
DA:80,0
DA:81,0
DA:86,0
DA:88,0
DA:90,0
DA:91,0
DA:92,0
DA:96,0
DA:97,0
DA:109,0
DA:110,0
DA:112,0
DA:113,0
DA:115,0
DA:117,0
DA:119,0
DA:121,0
DA:134,1
DA:136,1
DA:138,1
DA:139,1
DA:141,1
DA:143,1
DA:144,2
DA:145,1
DA:147,1
DA:148,0
DA:149,0
DA:152,0
DA:155,1
DA:157,1
DA:158,2
DA:159,1
DA:162,0
DA:169,2
LF:71
LH:14
end_of_record
SF:lib\presentation\pages\movie_detail_page.dart
DA:16,1
DA:18,1
DA:19,1
DA:23,1
DA:25,1
DA:26,3
DA:27,2
DA:28,4
DA:29,2
DA:30,4
DA:31,2
DA:32,4
DA:36,1
DA:38,1
DA:39,1
DA:40,1
DA:41,1
DA:45,1
DA:46,1
DA:47,1
DA:48,1
DA:65,1
DA:67,1
DA:69,3
DA:70,1
DA:71,1
DA:72,1
DA:73,3
DA:75,1
DA:78,0
DA:80,1
DA:82,1
DA:83,1
DA:84,1
DA:94,1
DA:95,1
DA:96,1
DA:98,1
DA:100,1
DA:102,1
DA:103,1
DA:104,2
DA:105,1
DA:107,1
DA:108,0
DA:109,0
DA:110,0
DA:111,0
DA:112,0
DA:114,0
DA:115,0
DA:117,0
DA:118,0
DA:119,0
DA:125,1
DA:126,1
DA:127,0
DA:128,0
DA:129,0
DA:131,0
DA:132,0
DA:133,0
DA:135,0
DA:136,0
DA:140,1
DA:142,1
DA:143,1
DA:144,2
DA:145,1
DA:146,2
DA:147,1
DA:148,1
DA:154,1
DA:155,3
DA:157,1
DA:158,3
DA:160,1
DA:161,1
DA:162,1
DA:163,3
DA:165,1
DA:171,4
DA:175,1
DA:177,1
DA:179,1
DA:180,2
DA:183,1
DA:185,1
DA:187,1
DA:189,1
DA:190,1
DA:195,1
DA:196,1
DA:197,1
DA:198,1
DA:210,1
DA:212,1
DA:227,1
DA:229,1
DA:232,1
DA:234,0
DA:235,0
DA:244,1
DA:246,2
DA:247,3
DA:250,1
DA:254,3
DA:257,1
DA:258,1
DA:259,1
DA:261,1
DA:262,1
DA:264,0
LF:113
LH:91
end_of_record
SF:lib\presentation\pages\popular_movies_page.dart
DA:8,1
DA:10,1
DA:11,1
DA:15,1
DA:17,1
DA:18,4
DA:19,2
DA:22,1
DA:24,1
DA:25,1
DA:28,1
DA:30,1
DA:31,1
DA:32,1
DA:36,1
DA:37,1
DA:38,1
DA:39,2
DA:40,1
DA:42,2
LF:20
LH:20
end_of_record
SF:lib\presentation\pages\top_rated_movies_page.dart
DA:8,1
DA:10,1
DA:11,1
DA:15,1
DA:17,1
DA:18,2
DA:19,2
DA:20,2
DA:23,1
DA:25,1
DA:26,1
DA:29,1
DA:31,1
DA:32,1
DA:33,1
DA:37,1
DA:38,1
DA:39,1
DA:40,2
DA:41,1
DA:43,2
LF:21
LH:21
end_of_record
SF:lib\presentation\pages\watchlist_page.dart
DA:13,0
DA:15,0
DA:16,0
DA:23,0
DA:25,0
DA:26,0
DA:27,0
DA:28,0
DA:29,0
DA:30,0
DA:31,0
DA:35,0
DA:37,0
DA:38,0
DA:41,0
DA:43,0
DA:44,0
DA:45,0
DA:46,0
DA:50,0
DA:52,0
DA:53,0
DA:55,0
DA:56,0
DA:67,0
DA:68,0
DA:77,0
DA:79,0
DA:80,0
DA:81,0
LF:30
LH:0
end_of_record
SF:lib\presentation\widgets\movie_card_list.dart
DA:10,3
DA:12,3
DA:14,3
DA:16,3
DA:17,0
DA:18,0
DA:21,0
DA:24,3
DA:26,3
DA:27,3
DA:28,3
DA:34,3
DA:36,3
DA:37,3
DA:38,6
DA:41,3
DA:44,3
DA:45,6
DA:53,3
DA:58,3
DA:60,3
DA:61,9
DA:63,3
DA:66,0
LF:24
LH:20
end_of_record
SF:lib\presentation\widgets\recomendations_movie_list.dart
DA:7,1
DA:10,1
DA:14,1
DA:16,1
DA:18,1
DA:20,1
DA:21,2
DA:22,1
DA:24,1
DA:25,0
DA:26,0
DA:29,0
DA:32,1
DA:36,1
DA:38,2
DA:39,1
DA:42,0
DA:48,2
LF:18
LH:14
end_of_record
SF:lib\presentation\widgets\watchlist_movie.dart
DA:7,6
DA:9,0
DA:11,1
DA:13,1
DA:14,1
DA:16,1
DA:17,1
DA:18,1
DA:23,1
DA:27,1
DA:28,1
DA:29,1
DA:30,2
DA:31,1
DA:33,2
LF:15
LH:14
end_of_record
