SF:lib\domain\usecase\search_movies.dart
DA:9,1
DA:11,1
DA:12,2
LF:3
LH:3
end_of_record
SF:lib\domain\usecase\search_tv.dart
DA:9,1
DA:11,1
DA:12,2
LF:3
LH:3
end_of_record
SF:lib\presentations\bloc\search_bloc.dart
DA:16,6
DA:17,4
DA:18,2
DA:20,4
DA:21,4
DA:23,2
DA:24,2
DA:25,6
DA:27,4
DA:28,2
DA:31,2
DA:34,2
DA:35,6
DA:41,3
DA:42,2
DA:43,1
DA:45,2
DA:46,2
DA:48,1
DA:49,1
DA:50,3
DA:52,2
DA:53,1
DA:56,1
DA:59,1
DA:60,3
LF:26
LH:26
end_of_record
SF:lib\presentations\bloc\search_state.dart
DA:4,6
DA:6,3
DA:7,3
DA:16,6
DA:18,3
DA:19,6
DA:25,2
DA:27,2
DA:28,4
DA:34,1
DA:36,1
DA:37,2
LF:12
LH:12
end_of_record
SF:lib\presentations\bloc\search_event.dart
DA:4,3
DA:6,0
DA:7,0
DA:13,3
DA:15,0
DA:16,0
LF:6
LH:2
end_of_record
SF:lib\presentations\pages\search_page.dart
DA:10,0
DA:12,0
DA:14,0
DA:15,0
DA:18,0
DA:20,0
DA:22,0
DA:23,0
DA:24,0
DA:25,0
DA:35,0
DA:37,0
DA:39,0
DA:40,0
DA:41,0
DA:45,0
DA:46,0
DA:47,0
DA:48,0
DA:50,0
DA:51,0
DA:52,0
DA:54,0
DA:58,0
DA:59,0
LF:25
LH:0
end_of_record
SF:lib\presentations\pages\search_tv_page.dart
DA:10,0
DA:12,0
DA:14,0
DA:15,0
DA:18,0
DA:20,0
DA:22,0
DA:23,0
DA:24,0
DA:25,0
DA:35,0
DA:37,0
DA:39,0
DA:40,0
DA:41,0
DA:45,0
DA:46,0
DA:47,0
DA:48,0
DA:50,0
DA:51,0
DA:52,0
DA:54,0
DA:58,0
DA:59,0
LF:25
LH:0
end_of_record
