SF:lib\domain\usecase\search_movies.dart
DA:9,1
DA:11,1
DA:12,2
LF:3
LH:3
end_of_record
SF:lib\domain\usecase\search_tv.dart
DA:9,1
DA:11,1
DA:12,2
LF:3
LH:3
end_of_record
SF:lib\presentations\bloc\search_bloc.dart
DA:14,6
DA:15,4
DA:16,2
DA:18,4
DA:19,4
DA:21,2
DA:22,2
DA:23,6
DA:25,4
DA:26,2
DA:29,2
DA:32,2
DA:33,6
DA:39,3
DA:40,2
DA:41,1
DA:43,2
DA:44,2
DA:46,1
DA:47,1
DA:48,3
DA:50,2
DA:51,1
DA:54,1
DA:57,1
DA:58,3
LF:26
LH:26
end_of_record
SF:lib\presentations\bloc\search_state.dart
DA:4,6
DA:6,3
DA:7,3
DA:16,6
DA:18,3
DA:19,6
DA:25,2
DA:27,2
DA:28,4
DA:34,1
DA:36,1
DA:37,2
LF:12
LH:12
end_of_record
SF:lib\presentations\bloc\search_event.dart
DA:4,3
DA:6,0
DA:7,0
DA:13,3
DA:15,0
DA:16,0
LF:6
LH:2
end_of_record
SF:lib\presentations\pages\search_page.dart
DA:8,0
DA:10,0
DA:12,0
DA:13,0
DA:16,0
DA:18,0
DA:20,0
DA:21,0
DA:22,0
DA:23,0
DA:33,0
DA:35,0
DA:37,0
DA:38,0
DA:39,0
DA:43,0
DA:44,0
DA:45,0
DA:46,0
DA:48,0
DA:49,0
DA:50,0
DA:52,0
DA:56,0
DA:57,0
LF:25
LH:0
end_of_record
SF:lib\presentations\pages\search_tv_page.dart
DA:8,0
DA:10,0
DA:12,0
DA:13,0
DA:16,0
DA:18,0
DA:20,0
DA:21,0
DA:22,0
DA:23,0
DA:33,0
DA:35,0
DA:37,0
DA:38,0
DA:39,0
DA:43,0
DA:44,0
DA:45,0
DA:46,0
DA:48,0
DA:49,0
DA:50,0
DA:52,0
DA:56,0
DA:57,0
LF:25
LH:0
end_of_record
